8.239802e-05 388 388 0 64 0 64 1.941794e+19
1.822801e-04 336 336 0 100 0 100 1.974982e+19
3.041708e-04 272 272 0 144 0 144 1.972576e+19
4.476822e-04 243 243 0 173 0 173 1.988017e+19
6.030564e-04 222 222 0 199 0 199 1.989864e+19
7.726626e-04 210 210 0 222 0 222 1.993108e+19
9.454195e-04 202 202 0 243 0 243 1.988535e+19
1.133118e-03 187 187 0 269 0 269 1.985672e+19
1.326872e-03 184 184 0 290 0 290 1.989642e+19
1.529135e-03 174 174 0 315 0 315 1.988052e+19
1.744881e-03 171 171 0 338 0 338 1.988674e+19
1.951855e-03 175 175 0 357 0 357 1.992976e+19
2.153109e-03 181 181 0 374 0 374 1.992468e+19
2.361077e-03 168 168 0 401 0 401 1.990617e+19
2.585527e-03 165 165 0 425 0 425 1.991857e+19
2.802641e-03 164 164 0 447 0 447 1.990979e+19
3.022445e-03 168 168 0 467 0 467 1.991765e+19
3.228201e-03 177 177 0 483 0 483 1.991821e+19
3.449733e-03 163 163 0 512 0 512 1.991459e+19
3.668352e-03 156 156 0 537 0 537 1.989995e+19
3.902635e-03 165 165 0 556 0 556 1.990963e+19
4.120564e-03 174 174 0 573 0 573 1.990019e+19
4.329625e-03 168 168 0 597 0 597 1.990935e+19
4.539820e-03 178 178 0 613 0 613 1.991268e+19
4.742735e-03 176 176 0 634 0 634 1.990413e+19
4.951804e-03 176 176 0 655 0 655 1.991194e+19
5.165802e-03 164 164 0 682 0 682 1.990010e+19
5.380828e-03 167 167 0 702 0 702 1.990400e+19
5.587624e-03 187 187 0 713 0 713 1.991902e+19
5.786200e-03 178 178 0 737 0 737 1.990944e+19
5.997275e-03 164 164 0 765 0 765 1.990904e+19
6.214697e-03 169 169 0 784 0 784 1.990443e+19
6.430022e-03 164 164 0 808 0 808 1.990662e+19
6.656659e-03 159 159 0 833 0 833 1.990488e+19
6.880194e-03 170 170 0 850 0 850 1.991223e+19
7.092615e-03 176 176 0 868 0 868 1.990803e+19
7.291618e-03 190 190 0 881 0 881 1.991328e+19
7.486993e-03 185 185 0 903 0 903 1.991454e+19
7.685631e-03 178 178 0 926 0 926 1.990728e+19
7.903360e-03 156 156 0 959 0 959 1.991558e+19
8.125295e-03 166 166 0 976 0 976 1.991312e+19
8.339206e-03 173 173 0 994 0 994 1.991796e+19
8.542719e-03 171 171 0 1015 0 1015 1.991169e+19
8.760473e-03 168 168 0 1038 0 1038 1.990760e+19
8.973379e-03 169 169 0 1059 0 1059 1.991446e+19
9.190315e-03 166 166 0 1082 0 1082 1.991227e+19
9.400373e-03 176 176 0 1098 0 1098 1.991410e+19
9.605358e-03 183 183 0 1115 0 1115 1.991597e+19
9.802200e-03 190 190 0 1131 0 1131 1.991390e+19
9.993735e-03 182 182 0 1154 0 1154 1.991248e+19
1.019497e-02 180 180 0 1175 0 1175 1.991179e+19
1.039657e-02 176 176 0 1197 0 1197 1.991042e+19
1.059920e-02 181 181 0 1215 0 1215 1.991660e+19
1.081213e-02 165 165 0 1244 0 1244 1.991282e+19
1.102663e-02 172 172 0 1262 0 1262 1.991543e+19
1.122915e-02 174 174 0 1281 0 1281 1.991247e+19
1.144084e-02 166 166 0 1306 0 1306 1.991113e+19
1.166037e-02 176 176 0 1323 0 1323 1.991361e+19
1.187337e-02 172 172 0 1346 0 1346 1.991009e+19
1.207934e-02 177 177 0 1364 0 1364 1.991004e+19
1.228366e-02 176 176 0 1385 0 1385 1.991263e+19
1.248745e-02 183 183 0 1402 0 1402 1.991600e+19
1.268994e-02 177 177 0 1425 0 1425 1.991341e+19
1.289830e-02 178 178 0 1445 0 1445 1.990961e+19
1.310721e-02 168 168 0 1471 0 1471 1.991271e+19
1.331802e-02 166 166 0 1493 0 1493 1.991286e+19
1.353030e-02 162 162 0 1516 0 1516 1.991087e+19
1.374838e-02 166 166 0 1536 0 1536 1.991507e+19
1.395614e-02 175 175 0 1552 0 1552 1.991238e+19
1.416754e-02 161 161 0 1580 0 1580 1.991171e+19
1.438643e-02 165 165 0 1600 0 1600 1.991460e+19
1.460772e-02 169 169 0 1620 0 1620 1.991413e+19
1.481782e-02 179 179 0 1636 0 1636 1.991521e+19
1.502188e-02 175 175 0 1658 0 1658 1.991095e+19
1.522704e-02 176 176 0 1678 0 1678 1.991195e+19
1.542376e-02 185 185 0 1693 0 1693 1.991084e+19
1.563341e-02 173 173 0 1720 0 1720 1.991248e+19
1.584033e-02 174 174 0 1740 0 1740 1.991120e+19
1.606084e-02 156 156 0 1771 0 1771 1.991179e+19
1.628061e-02 174 174 0 1784 0 1784 1.991325e+19
1.649296e-02 168 168 0 1808 0 1808 1.991152e+19
1.671308e-02 166 166 0 1831 0 1831 1.991255e+19
1.692658e-02 169 169 0 1851 0 1851 1.991543e+19
1.714788e-02 163 163 0 1876 0 1876 1.991500e+19
1.736026e-02 169 169 0 1894 0 1894 1.991329e+19
1.757846e-02 162 162 0 1919 0 1919 1.991073e+19
1.779296e-02 173 173 0 1935 0 1935 1.991237e+19
1.800625e-02 170 170 0 1958 0 1958 1.991531e+19
1.822164e-02 162 162 0 1983 0 1983 1.991039e+19
1.843121e-02 172 172 0 1999 0 1999 1.991188e+19
1.864341e-02 172 172 0 2020 0 2020 1.991052e+19
1.886308e-02 162 162 0 2047 0 2047 1.991192e+19
1.908770e-02 171 171 0 2065 0 2065 1.991335e+19
1.931016e-02 161 161 0 2092 0 2092 1.991179e+19
1.952649e-02 170 170 0 2109 0 2109 1.991141e+19
1.973574e-02 176 176 0 2127 0 2127 1.991311e+19
1.993622e-02 178 178 0 2146 0 2146 1.991351e+19
2.014006e-02 175 175 0 2168 0 2168 1.991553e+19
2.034392e-02 181 181 0 2185 0 2185 1.991258e+19
2.055388e-02 171 171 0 2211 0 2211 1.991352e+19
