Particle Flux (/m^2/s) 1.000000e+20
Sticking Coefficient 1.000000e-01
Species number 0
Number of particles 500
Number of varieties of jumps 2
Jump Frequency 1.000000e+13
Jump Distance 1.000000e-09
Migration Energy 1.900000e+00
Jump Frequency 1.000000e+13
Jump Distance 3.340000e-09
Migration Energy 9.000000e-01
Particle Flux (/m^2/s) 0.000000e+00
Sticking Coefficient 0.000000e+00
Species number 1
Number of particles 0
Number of varieties of jumps 1
Jump Frequency 1.000000e+13
Jump Distance 3.340000e-09
Migration Energy 6.000000e-02
Interaction number 1
Interaction Distance 2.000000e-10
Max steps before stoping simulation 1000000
Number of trials 1
Temperature of the Material 6.000000e+02
No of iterations for position output 10000
No of iterations for transient output 1000
