Initialising Parameters
Initialised Random Number Generator enviornment
MaxHSolute = 500
MaxH2Solute = 250
Allocated Memory for:
                 Position Variables
                 Boundary Condition index
Initialised all allocated memory to Zero
Allocated Memory and initialised Rates:
Initialised time step
Initialised KMC step counter
Done Initialising Parameters
Initialising Parameters
Initialised Random Number Generator enviornment
MaxHSolute = 500
MaxH2Solute = 250
Allocated Memory for:
                 Position Variables
                 Boundary Condition index
Initialised all allocated memory to Zero
Allocated Memory and initialised Rates:
Initialised time step
Initialised KMC step counter
Done Initialising Parameters
Initialising Parameters
Initialised Random Number Generator enviornment
MaxHSolute = 500
MaxH2Solute = 250
Allocated Memory for:
                 Position Variables
                 Boundary Condition index
Initialised all allocated memory to Zero
Allocated Memory and initialised Rates:
Initialised time step
Initialised KMC step counter
Done Initialising Parameters
