Number of Species 3
Number of Interactions 1
Species number 1
Number of particles 100
Jump Frequency 1.717000e+00
Jump Distance 2.350000e+00
Migration Activation Energy 1.370000e+00
Initial Standard Deviation 6.000000e+01
Species number 2
Number of particles 100
Jump Frequency 1.282000e-03
Jump Distance 2.350000e+00
Migration Activation Energy 1.000000e-01
Initial Standard Deviation 2.000000e+01
Species number 3
Number of particles 0
Jump Frequency 0.000000e+00
Jump Distance 0.000000e+00
Migration Activation Energy 0.000000e+00
Initial Standard Deviation 0.000000e+00
Interaction number 1
Interaction DIstance 4.000000e+00
Max steps before stoping simulation 1000000
Number of trials 100
Temperature of the Material 2.500000e+03
Box Dimensions along X,Y and Z 1.000000e+04 1.000000e+04 1.000000e+04
Number of Species 3
Number of Interactions 1
Species number 1
Number of particles 100
Jump Frequency 1.717000e+00
Jump Distance 2.350000e+00
Migration Activation Energy 1.370000e+00
Initial Standard Deviation 6.000000e+01
Species number 2
Number of particles 100
Jump Frequency 1.282000e-03
Jump Distance 2.350000e+00
Migration Activation Energy 1.000000e-01
Initial Standard Deviation 2.000000e+01
Species number 3
Number of particles 0
Jump Frequency 0.000000e+00
Jump Distance 0.000000e+00
Migration Activation Energy 0.000000e+00
Initial Standard Deviation 0.000000e+00
Interaction number 1
Interaction DIstance 4.000000e+00
Max steps before stoping simulation 1000000
Number of trials 100
Temperature of the Material 2.500000e+03
Box Dimensions along X,Y and Z 1.000000e+04 1.000000e+04 1.000000e+04
Number of Species 3
Number of Interactions 1
Species number 1
Number of particles 100
Jump Frequency 1.717000e+00
Jump Distance 2.350000e+00
Migration Activation Energy 1.370000e+00
Initial Standard Deviation 6.000000e+01
Species number 2
Number of particles 100
Jump Frequency 1.282000e-03
Jump Distance 2.350000e+00
Migration Activation Energy 1.000000e-01
Initial Standard Deviation 2.000000e+01
Species number 3
Number of particles 0
Jump Frequency 0.000000e+00
Jump Distance 0.000000e+00
Migration Activation Energy 0.000000e+00
Initial Standard Deviation 0.000000e+00
Interaction number 1
Interaction DIstance 4.000000e+00
Max steps before stoping simulation 1000000
Number of trials 100
Temperature of the Material 2.500000e+03
Box Dimensions along X,Y and Z 1.000000e+04 1.000000e+04 1.000000e+04
Number of Species 3
Number of Interactions 1
Species number 1
Number of particles 100
Jump Frequency 1.717000e+00
Jump Distance 2.350000e+00
Migration Activation Energy 1.370000e+00
Initial Standard Deviation 6.000000e+01
Species number 2
Number of particles 100
Jump Frequency 1.282000e-03
Jump Distance 2.350000e+00
Migration Activation Energy 1.000000e-01
Initial Standard Deviation 2.000000e+01
Species number 3
Number of particles 0
Jump Frequency 0.000000e+00
Jump Distance 0.000000e+00
Migration Activation Energy 0.000000e+00
Initial Standard Deviation 0.000000e+00
Interaction number 1
Interaction DIstance 4.000000e+00
Max steps before stoping simulation 1000000
Number of trials 100
Temperature of the Material 2.500000e+03
Box Dimensions along X,Y and Z 1.000000e+04 1.000000e+04 1.000000e+04
Number of Species 3
Number of Interactions 1
Species number 1
Number of particles 100
Jump Frequency 1.717000e+00
Jump Distance 2.350000e+00
Migration Activation Energy 1.370000e+00
Initial Standard Deviation 6.000000e+01
Species number 2
Number of particles 100
Jump Frequency 1.282000e-03
Jump Distance 2.350000e+00
Migration Activation Energy 1.000000e-01
Initial Standard Deviation 2.000000e+01
Species number 3
Number of particles 0
Jump Frequency 0.000000e+00
Jump Distance 0.000000e+00
Migration Activation Energy 0.000000e+00
Initial Standard Deviation 0.000000e+00
Interaction number 1
Interaction DIstance 4.000000e+00
Max steps before stoping simulation 1000000
Number of trials 100
Temperature of the Material 2.500000e+03
Box Dimensions along X,Y and Z 1.000000e+04 1.000000e+04 1.000000e+04
Number of Species 3
Number of Interactions 1
Species number 1
Number of particles 100
Jump Frequency 1.717000e+00
Jump Distance 2.350000e+00
Migration Activation Energy 1.370000e+00
Initial Standard Deviation 6.000000e+01
Species number 2
Number of particles 100
Jump Frequency 1.282000e-03
Jump Distance 2.350000e+00
Migration Activation Energy 1.000000e-01
Initial Standard Deviation 2.000000e+01
Species number 3
Number of particles 0
Jump Frequency 0.000000e+00
Jump Distance 0.000000e+00
Migration Activation Energy 0.000000e+00
Initial Standard Deviation 0.000000e+00
Interaction number 1
Interaction DIstance 4.000000e+00
Max steps before stoping simulation 1000000
Number of trials 100
Temperature of the Material 2.500000e+03
Box Dimensions along X,Y and Z 1.000000e+04 1.000000e+04 1.000000e+04
Number of Species 3
Number of Interactions 1
Species number 1
Number of particles 100
Jump Frequency 1.717000e+00
Jump Distance 2.350000e+00
Migration Activation Energy 1.370000e+00
Initial Standard Deviation 6.000000e+01
Species number 2
Number of particles 100
Jump Frequency 1.282000e-03
Jump Distance 2.350000e+00
Migration Activation Energy 1.000000e-01
Initial Standard Deviation 2.000000e+01
Species number 3
Number of particles 0
Jump Frequency 0.000000e+00
Jump Distance 0.000000e+00
Migration Activation Energy 0.000000e+00
Initial Standard Deviation 0.000000e+00
Interaction number 1
Interaction DIstance 4.000000e+00
Max steps before stoping simulation 1000000
Number of trials 100
Temperature of the Material 2.500000e+03
Box Dimensions along X,Y and Z 1.000000e+04 1.000000e+04 1.000000e+04
Number of Species 3
Number of Interactions 1
Species number 1
Number of particles 100
Jump Frequency 1.717000e+00
Jump Distance 2.350000e+00
Migration Activation Energy 1.370000e+00
Initial Standard Deviation 6.000000e+01
Species number 2
Number of particles 100
Jump Frequency 1.282000e-03
Jump Distance 2.350000e+00
Migration Activation Energy 1.000000e-01
Initial Standard Deviation 2.000000e+01
Species number 3
Number of particles 0
Jump Frequency 0.000000e+00
Jump Distance 0.000000e+00
Migration Activation Energy 0.000000e+00
Initial Standard Deviation 0.000000e+00
Interaction number 1
Interaction DIstance 4.000000e+00
Max steps before stoping simulation 1000000
Number of trials 100
Temperature of the Material 2.500000e+03
Box Dimensions along X,Y and Z 1.000000e+04 1.000000e+04 1.000000e+04
